<?xml version="1.0" encoding="UTF-8"?>
<testExecutions version="1">
  <file path="C:\Users\Guilherme\VSCodeProjects\fullcycle-sonar-cloud-practice\src\index.test.ts">
    <testCase name="add function" duration="2"/>
    <testCase name="divide function" duration="0"/>
  </file>
</testExecutions>